<?xml version="1.0" encoding="UTF-8"?>
<testng-results skipped="0" failed="0" ignored="0" total="0" passed="0">
  <reporter-output>
  </reporter-output>
  <suite name="com.atmecs.falcon_practice.AppTest" duration-ms="8" started-at="2020-11-23T11:28:20Z" finished-at="2020-11-23T11:28:20Z">
    <groups>
    </groups>
    <test name="Command line test" duration-ms="8" started-at="2020-11-23T11:28:20Z" finished-at="2020-11-23T11:28:20Z">
    </test> <!-- Command line test -->
  </suite> <!-- com.atmecs.falcon_practice.AppTest -->
</testng-results>
