<?xml version="1.0" encoding="UTF-8"?>
<testng-results skipped="0" failed="0" ignored="0" total="1" passed="1">
  <reporter-output>
    <line>
      <![CDATA[executing exploreTest ]]>
    </line>
  </reporter-output>
  <suite name="Default suite" duration-ms="18408" started-at="2020-11-23T17:02:55 IST" finished-at="2020-11-23T17:03:14 IST">
    <groups>
    </groups>
    <test name="Default test" duration-ms="18408" started-at="2020-11-23T17:02:55 IST" finished-at="2020-11-23T17:03:14 IST">
      <class name="com.atmecs.falcon_practice.testscript.AtmecsContactUsTest">
        <test-method status="PASS" signature="preSetup()[pri:0, instance:com.atmecs.falcon_practice.testscript.AtmecsContactUsTest@8b87145]" name="preSetup" is-config="true" duration-ms="109" started-at="2020-11-23T17:02:55 IST" finished-at="2020-11-23T17:02:55 IST">
          <reporter-output>
          </reporter-output>
        </test-method> <!-- preSetup -->
        <test-method status="PASS" signature="contactUsTest()[pri:0, instance:com.atmecs.falcon_practice.testscript.AtmecsContactUsTest@8b87145]" name="contactUsTest" duration-ms="10808" started-at="2020-11-23T17:02:55 IST" finished-at="2020-11-23T17:03:06 IST">
          <reporter-output>
            <line>
              <![CDATA[executing exploreTest ]]>
            </line>
          </reporter-output>
        </test-method> <!-- contactUsTest -->
        <test-method status="PASS" signature="teardown()[pri:0, instance:com.atmecs.falcon_practice.testscript.AtmecsContactUsTest@8b87145]" name="teardown" is-config="true" duration-ms="7435" started-at="2020-11-23T17:03:06 IST" finished-at="2020-11-23T17:03:14 IST">
          <reporter-output>
          </reporter-output>
        </test-method> <!-- teardown -->
      </class> <!-- com.atmecs.falcon_practice.testscript.AtmecsContactUsTest -->
    </test> <!-- Default test -->
  </suite> <!-- Default suite -->
</testng-results>
